>--- Event from CAR_c1	type E_NORMAL	with description: CAR_c1 now in use
>--- Event from PERSON_Ivan	type E_NORMAL	with description: PERSON_Ivan going work
>--- Event from USABLE_tv2	type E_NORMAL	with description: USABLE_tv2 now in use
>--- Event from PERSON_Strasidlo	type E_NORMAL	with description: PERSON_Strasidlo procrastinating
>--- Event from USABLE_tv1	type E_NORMAL	with description: USABLE_tv1 now in use
>--- Event from PERSON_Robert	type E_NORMAL	with description: PERSON_Robert procrastinating
>--- Event from USABLE_tv2	type E_NORMAL	with description: USABLE_tv2 now in use
>--- Event from PERSON_Robert	type E_NORMAL	with description: PERSON_Robert procrastinating
>--- Event from USABLE_tv1	type E_NORMAL	with description: USABLE_tv1 now in use
>--- Event from PERSON_Kate	type E_NORMAL	with description: PERSON_Kate procrastinating
>--- Event from USABLE_tv2	type E_NORMAL	with description: USABLE_tv2 now in use
>--- Event from PERSON_Robert	type E_NORMAL	with description: PERSON_Robert procrastinating
>--- Event from CAR_c1	type E_NORMAL	with description: CAR_c1 now in use
>--- Event from PERSON_Strasidlo	type E_NORMAL	with description: PERSON_Strasidlo going work
>--- Event from USABLE_tv2	type E_NORMAL	with description: USABLE_tv2 now in use
>--- Event from PERSON_Ivan	type E_NORMAL	with description: PERSON_Ivan procrastinating
>--- Event from USABLE_tv1	type E_NORMAL	with description: USABLE_tv1 now in use
>--- Event from PERSON_Kate	type E_NORMAL	with description: PERSON_Kate procrastinating
>--- Event from USABLE_tv2	type E_NORMAL	with description: USABLE_tv2 now in use
>--- Event from PERSON_Ivan	type E_NORMAL	with description: PERSON_Ivan procrastinating
>--- Event from USABLE_tv1	type E_NORMAL	with description: USABLE_tv1 now in use
>--- Event from PERSON_Robert	type E_NORMAL	with description: PERSON_Robert procrastinating
>--- Event from USABLE_tv2	type E_NORMAL	with description: USABLE_tv2 now in use
>--- Event from PERSON_Robert	type E_NORMAL	with description: PERSON_Robert procrastinating
>--- Event from CAR_c1	type E_NORMAL	with description: CAR_c1 now in use
>--- Event from PERSON_Ivan	type E_NORMAL	with description: PERSON_Ivan going work
>--- Event from USABLE_tv1	type E_NORMAL	with description: USABLE_tv1 now in use
>--- Event from PERSON_Strasidlo	type E_NORMAL	with description: PERSON_Strasidlo procrastinating
>--- Event from USABLE_tv2	type E_NORMAL	with description: USABLE_tv2 now in use
>--- Event from PERSON_Kate	type E_NORMAL	with description: PERSON_Kate procrastinating
>--- Event from USABLE_tv1	type E_NORMAL	with description: USABLE_tv1 now in use
>--- Event from PERSON_Robert	type E_NORMAL	with description: PERSON_Robert procrastinating
>--- Event from USABLE_tv2	type E_NORMAL	with description: USABLE_tv2 now in use
>--- Event from PERSON_Strasidlo	type E_NORMAL	with description: PERSON_Strasidlo procrastinating
>--- Event from USABLE_tv2	type E_NORMAL	with description: USABLE_tv2 now in use
>--- Event from PERSON_Kate	type E_NORMAL	with description: PERSON_Kate procrastinating
>--- Event from CAR_c1	type E_NORMAL	with description: CAR_c1 now in use
>--- Event from PERSON_Ivan	type E_NORMAL	with description: PERSON_Ivan going work
>--- Event from USABLE_tv1	type E_NORMAL	with description: USABLE_tv1 now in use
>--- Event from PERSON_Robert	type E_NORMAL	with description: PERSON_Robert procrastinating
>--- Event from USABLE_tv2	type E_NORMAL	with description: USABLE_tv2 now in use
>--- Event from PERSON_Strasidlo	type E_NORMAL	with description: PERSON_Strasidlo procrastinating
>--- Event from USABLE_tv1	type E_NORMAL	with description: USABLE_tv1 now in use
>--- Event from PERSON_Kate	type E_NORMAL	with description: PERSON_Kate procrastinating
>--- Event from USABLE_tv2	type E_NORMAL	with description: USABLE_tv2 now in use
>--- Event from PERSON_Kate	type E_NORMAL	with description: PERSON_Kate procrastinating
>--- Event from USABLE_tv1	type E_NORMAL	with description: USABLE_tv1 now in use
>--- Event from PERSON_Robert	type E_NORMAL	with description: PERSON_Robert procrastinating
>--- Event from CAR_c1	type E_NORMAL	with description: CAR_c1 now in use
>--- Event from PERSON_Ivan	type E_NORMAL	with description: PERSON_Ivan going work
>--- Event from USABLE_tv2	type E_NORMAL	with description: USABLE_tv2 now in use
>--- Event from PERSON_Robert	type E_NORMAL	with description: PERSON_Robert procrastinating
>--- Event from USABLE_tv1	type E_NORMAL	with description: USABLE_tv1 now in use
>--- Event from PERSON_Kate	type E_NORMAL	with description: PERSON_Kate procrastinating
>--- Event from USABLE_tv2	type E_NORMAL	with description: USABLE_tv2 now in use
>--- Event from PERSON_Kate	type E_NORMAL	with description: PERSON_Kate procrastinating
>--- Event from CAR_c1	type E_NORMAL	with description: CAR_c1 now in use
>--- Event from PERSON_Ivan	type E_NORMAL	with description: PERSON_Ivan going work
>--- Event from USABLE_tv1	type E_NORMAL	with description: USABLE_tv1 now in use
>--- Event from PERSON_Robert	type E_NORMAL	with description: PERSON_Robert procrastinating
>--- Event from USABLE_tv2	type E_NORMAL	with description: USABLE_tv2 now in use
>--- Event from PERSON_Kate	type E_NORMAL	with description: PERSON_Kate procrastinating
>--- Event from USABLE_tv1	type E_NORMAL	with description: USABLE_tv1 now in use
>--- Event from PERSON_Strasidlo	type E_NORMAL	with description: PERSON_Strasidlo procrastinating
>--- Event from USABLE_tv2	type E_NORMAL	with description: USABLE_tv2 now in use
>--- Event from PERSON_Kate	type E_NORMAL	with description: PERSON_Kate procrastinating
>--- Event from USABLE_tv1	type E_NORMAL	with description: USABLE_tv1 now in use
>--- Event from PERSON_Robert	type E_NORMAL	with description: PERSON_Robert procrastinating
>--- Event from CAR_c1	type E_NORMAL	with description: CAR_c1 now in use
>--- Event from PERSON_Ivan	type E_NORMAL	with description: PERSON_Ivan going work
>--- Event from USABLE_tv2	type E_NORMAL	with description: USABLE_tv2 now in use
>--- Event from PERSON_Robert	type E_NORMAL	with description: PERSON_Robert procrastinating
>--- Event from USABLE_tv1	type E_NORMAL	with description: USABLE_tv1 now in use
>--- Event from PERSON_Strasidlo	type E_NORMAL	with description: PERSON_Strasidlo procrastinating
>--- Event from USABLE_tv2	type E_NORMAL	with description: USABLE_tv2 now in use
>--- Event from PERSON_Kate	type E_NORMAL	with description: PERSON_Kate procrastinating
>--- Event from USABLE_tv1	type E_NORMAL	with description: USABLE_tv1 now in use
>--- Event from PERSON_Robert	type E_NORMAL	with description: PERSON_Robert procrastinating
>--- Event from USABLE_tv2	type E_NORMAL	with description: USABLE_tv2 now in use
>--- Event from PERSON_Kate	type E_NORMAL	with description: PERSON_Kate procrastinating
>--- Event from USABLE_tv1	type E_NORMAL	with description: USABLE_tv1 now in use
>--- Event from PERSON_Robert	type E_NORMAL	with description: PERSON_Robert procrastinating
>--- Event from CAR_c1	type E_NORMAL	with description: CAR_c1 now in use
>--- Event from PERSON_Ivan	type E_NORMAL	with description: PERSON_Ivan going work
>--- Event from USABLE_tv2	type E_NORMAL	with description: USABLE_tv2 now in use
>--- Event from PERSON_Kate	type E_NORMAL	with description: PERSON_Kate procrastinating
>--- Event from USABLE_tv1	type E_NORMAL	with description: USABLE_tv1 now in use
>--- Event from PERSON_Strasidlo	type E_NORMAL	with description: PERSON_Strasidlo procrastinating
>--- Event from USABLE_tv2	type E_NORMAL	with description: USABLE_tv2 now in use
>--- Event from PERSON_Kate	type E_NORMAL	with description: PERSON_Kate procrastinating
>--- Event from USABLE_tv2	type E_NORMAL	with description: USABLE_tv2 now in use
>--- Event from PERSON_Strasidlo	type E_NORMAL	with description: PERSON_Strasidlo procrastinating
>--- Event from USABLE_tv1	type E_NORMAL	with description: USABLE_tv1 now in use
>--- Event from PERSON_Kate	type E_NORMAL	with description: PERSON_Kate procrastinating
>--- Event from CAR_c1	type E_NORMAL	with description: CAR_c1 now in use
>--- Event from PERSON_Robert	type E_NORMAL	with description: PERSON_Robert going work
>--- Event from USABLE_tv2	type E_NORMAL	with description: USABLE_tv2 now in use
>--- Event from PERSON_Ivan	type E_NORMAL	with description: PERSON_Ivan procrastinating
>--- Event from USABLE_tv2	type E_NORMAL	with description: USABLE_tv2 now in use
>--- Event from PERSON_Ivan	type E_NORMAL	with description: PERSON_Ivan procrastinating
>--- Event from USABLE_tv1	type E_NORMAL	with description: USABLE_tv1 now in use
>--- Event from PERSON_Strasidlo	type E_NORMAL	with description: PERSON_Strasidlo procrastinating
>--- Event from CAR_c1	type E_NORMAL	with description: CAR_c1 now in use
>--- Event from PERSON_Ivan	type E_NORMAL	with description: PERSON_Ivan going work
>--- Event from USABLE_tv2	type E_NORMAL	with description: USABLE_tv2 now in use
>--- Event from PERSON_Kate	type E_NORMAL	with description: PERSON_Kate procrastinating
>--- Event from USABLE_tv2	type E_NORMAL	with description: USABLE_tv2 now in use
>--- Event from PERSON_Robert	type E_NORMAL	with description: PERSON_Robert procrastinating
>--- Event from USABLE_tv2	type E_NORMAL	with description: USABLE_tv2 now in use
>--- Event from PERSON_Ivan	type E_NORMAL	with description: PERSON_Ivan procrastinating
>--- Event from CAR_c1	type E_NORMAL	with description: CAR_c1 now in use
>--- Event from PERSON_Kate	type E_NORMAL	with description: PERSON_Kate going work
>--- Event from USABLE_tv1	type E_NORMAL	with description: USABLE_tv1 now in use
>--- Event from PERSON_Robert	type E_NORMAL	with description: PERSON_Robert procrastinating
>--- Event from USABLE_tv2	type E_NORMAL	with description: USABLE_tv2 now in use
>--- Event from PERSON_Strasidlo	type E_NORMAL	with description: PERSON_Strasidlo procrastinating
>--- Event from USABLE_tv1	type E_NORMAL	with description: USABLE_tv1 now in use
>--- Event from PERSON_Robert	type E_NORMAL	with description: PERSON_Robert procrastinating
>--- Event from USABLE_tv2	type E_NORMAL	with description: USABLE_tv2 now in use
>--- Event from PERSON_Ivan	type E_NORMAL	with description: PERSON_Ivan procrastinating
>--- Event from USABLE_tv1	type E_NORMAL	with description: USABLE_tv1 now in use
>--- Event from PERSON_Robert	type E_NORMAL	with description: PERSON_Robert procrastinating
>--- Event from CAR_c1	type E_NORMAL	with description: CAR_c1 now in use
>--- Event from PERSON_Kate	type E_NORMAL	with description: PERSON_Kate going work
>--- Event from USABLE_tv2	type E_NORMAL	with description: USABLE_tv2 now in use
>--- Event from CAR_c1	type E_NORMAL	with description: CAR_c1 now in use
>--- Event from USABLE_tv1	type E_NORMAL	with description: USABLE_tv1 now in use
>--- Event from USABLE_tv2	type E_NORMAL	with description: USABLE_tv2 now in use
>--- Event from USABLE_tv1	type E_NORMAL	with description: USABLE_tv1 now in use
>--- Event from USABLE_tv2	type E_NORMAL	with description: USABLE_tv2 now in use
>--- Event from USABLE_tv1	type E_NORMAL	with description: USABLE_tv1 now in use
>--- Event from USABLE_tv2	type E_NORMAL	with description: USABLE_tv2 now in use
>--- Event from CAR_c1	type E_NORMAL	with description: CAR_c1 now in use
>--- Event from USABLE_tv1	type E_NORMAL	with description: USABLE_tv1 now in use
>--- Event from USABLE_tv2	type E_NORMAL	with description: USABLE_tv2 now in use
>--- Event from USABLE_tv1	type E_NORMAL	with description: USABLE_tv1 now in use
>--- Event from USABLE_tv2	type E_NORMAL	with description: USABLE_tv2 now in use
>--- Event from USABLE_tv1	type E_NORMAL	with description: USABLE_tv1 now in use
>--- Event from CAR_c1	type E_NORMAL	with description: CAR_c1 now in use
>--- Event from USABLE_tv2	type E_NORMAL	with description: USABLE_tv2 now in use
>--- Event from USABLE_tv1	type E_NORMAL	with description: USABLE_tv1 now in use
>--- Event from USABLE_tv2	type E_NORMAL	with description: USABLE_tv2 now in use
>--- Event from USABLE_tv1	type E_NORMAL	with description: USABLE_tv1 now in use
>--- Event from USABLE_tv2	type E_NORMAL	with description: USABLE_tv2 now in use
>--- Event from CAR_c1	type E_NORMAL	with description: CAR_c1 now in use
>--- Event from USABLE_tv2	type E_NORMAL	with description: USABLE_tv2 now in use
>--- Event from USABLE_tv1	type E_NORMAL	with description: USABLE_tv1 now in use
>--- Event from USABLE_tv2	type E_NORMAL	with description: USABLE_tv2 now in use
>--- Event from USABLE_tv1	type E_NORMAL	with description: USABLE_tv1 now in use
>--- Event from USABLE_tv2	type E_NORMAL	with description: USABLE_tv2 now in use
>--- Event from CAR_c1	type E_NORMAL	with description: CAR_c1 now in use
>--- Event from USABLE_tv1	type E_NORMAL	with description: USABLE_tv1 now in use
>--- Event from USABLE_tv2	type E_NORMAL	with description: USABLE_tv2 now in use
>--- Event from USABLE_tv1	type E_NORMAL	with description: USABLE_tv1 now in use
>--- Event from USABLE_tv2	type E_NORMAL	with description: USABLE_tv2 now in use
>--- Event from USABLE_tv1	type E_NORMAL	with description: USABLE_tv1 now in use
>--- Event from USABLE_tv2	type E_NORMAL	with description: USABLE_tv2 now in use
>--- Event from USABLE_tv1	type E_NORMAL	with description: USABLE_tv1 now in use
>--- Event from CAR_c1	type E_NORMAL	with description: CAR_c1 now in use
>--- Event from USABLE_tv2	type E_NORMAL	with description: USABLE_tv2 now in use
>--- Event from USABLE_tv2	type E_NORMAL	with description: USABLE_tv2 now in use
>--- Event from USABLE_tv1	type E_NORMAL	with description: USABLE_tv1 now in use
>--- Event from USABLE_tv2	type E_NORMAL	with description: USABLE_tv2 now in use
>--- Event from USABLE_tv1	type E_NORMAL	with description: USABLE_tv1 now in use
>--- Event from CAR_c1	type E_NORMAL	with description: CAR_c1 now in use
>--- Event from USABLE_tv2	type E_NORMAL	with description: USABLE_tv2 now in use
>--- Event from USABLE_tv1	type E_NORMAL	with description: USABLE_tv1 now in use
>--- Event from USABLE_tv2	type E_NORMAL	with description: USABLE_tv2 now in use
>--- Event from USABLE_tv2	type E_NORMAL	with description: USABLE_tv2 now in use
>--- Event from USABLE_tv1	type E_NORMAL	with description: USABLE_tv1 now in use
>--- Event from CAR_c1	type E_NORMAL	with description: CAR_c1 now in use
>--- Event from USABLE_tv2	type E_NORMAL	with description: USABLE_tv2 now in use
>--- Event from USABLE_tv1	type E_NORMAL	with description: USABLE_tv1 now in use
>--- Event from USABLE_tv2	type E_NORMAL	with description: USABLE_tv2 now in use
>--- Event from USABLE_tv1	type E_NORMAL	with description: USABLE_tv1 now in use
>--- Event from USABLE_tv2	type E_NORMAL	with description: USABLE_tv2 now in use
>--- Event from CAR_c1	type E_NORMAL	with description: CAR_c1 now in use
>--- Event from USABLE_tv1	type E_NORMAL	with description: USABLE_tv1 now in use
>--- Event from USABLE_tv2	type E_NORMAL	with description: USABLE_tv2 now in use
>--- Event from USABLE_tv2	type E_NORMAL	with description: USABLE_tv2 now in use
>--- Event from USABLE_tv1	type E_NORMAL	with description: USABLE_tv1 now in use
>--- Event from USABLE_tv2	type E_NORMAL	with description: USABLE_tv2 now in use
>--- Event from CAR_c1	type E_NORMAL	with description: CAR_c1 now in use
>--- Event from USABLE_tv1	type E_NORMAL	with description: USABLE_tv1 now in use
>--- Event from USABLE_tv2	type E_NORMAL	with description: USABLE_tv2 now in use
>--- Event from USABLE_tv1	type E_NORMAL	with description: USABLE_tv1 now in use
>--- Event from USABLE_tv2	type E_NORMAL	with description: USABLE_tv2 now in use
>--- Event from USABLE_tv1	type E_NORMAL	with description: USABLE_tv1 now in use
>--- Event from CAR_c1	type E_NORMAL	with description: CAR_c1 now in use
>--- Event from USABLE_tv2	type E_NORMAL	with description: USABLE_tv2 now in use
>--- Event from USABLE_tv1	type E_NORMAL	with description: USABLE_tv1 now in use
